<?xml version="1.0" encoding="UTF-8"?>
<!-- Generated by org.testng.reporters.JUnitReportReporter -->
<testsuite skipped="0" hostname="LAPTOP-UCFHLSU6" name="qaclickacademy.SeleniumTest" tests="1" failures="0" timestamp="12 Feb 2018 23:59:26 GMT" time="0.014" errors="0">
  <testcase name="BrowserAutomation" time="0.014" classname="qaclickacademy.SeleniumTest"/>
</testsuite> <!-- qaclickacademy.SeleniumTest -->
