<?xml version="1.0" encoding="UTF-8"?>
<!-- Generated by org.testng.reporters.JUnitReportReporter -->
<testsuite skipped="0" hostname="LAPTOP-UCFHLSU6" name="qaclickacademy.RestAPITest" tests="1" failures="0" timestamp="13 Feb 2018 01:19:29 GMT" time="0.015" errors="0">
  <testcase name="ApiValidation" time="0.015" classname="qaclickacademy.RestAPITest"/>
</testsuite> <!-- qaclickacademy.RestAPITest -->
